{"name": "test_facbook", "status": "failed", "statusDetails": {"message": "AssertionError: assert False", "trace": "self = <Test.test_Sample.Test_SocialMedias object at 0x00000197B1E4DA90>\n\n    def test_facbook(self):\n>       assert False\nE       assert False\n\ntest_Sample.py:8: AssertionError"}, "start": 1695210497009, "stop": 1695210497009, "uuid": "f7a3efd2-c6b8-4beb-b916-2e31463e3254", "historyId": "8c68cda23287fb6872f9e837c14bb2f5", "testCaseId": "8c68cda23287fb6872f9e837c14bb2f5", "fullName": "test_Sample.Test_SocialMedias#test_facbook", "labels": [{"name": "suite", "value": "test_Sample"}, {"name": "subSuite", "value": "Test_SocialMedias"}, {"name": "host", "value": "AnonymouS"}, {"name": "thread", "value": "41944-MainThread"}, {"name": "framework", "value": "pytest"}, {"name": "language", "value": "cpython3"}, {"name": "package", "value": "test_Sample"}]}